<?xml version="1.0" encoding="UTF-8"?>
<!-- Generated by org.testng.reporters.JUnitReportReporter -->
<testsuite name="com.qmetry.qaf.automation.step.client.Scenario" tests="1" time="7.166" ignored="0" failures="0" timestamp="03 Feb 2020 05:45:12 GMT" skipped="0" hostname="JCPSI5U3D" errors="0">
  <testcase name="SampleTest" time="7.166" classname="com.qmetry.qaf.automation.step.client.Scenario"/>
</testsuite> <!-- com.qmetry.qaf.automation.step.client.Scenario -->
